2024-03-05 09:40:23,204:WARNING:
'cuml' is a soft dependency and not included in the pycaret installation. Please run: `pip install cuml` to install.
2024-03-05 09:40:23,219:WARNING:
'cuml' is a soft dependency and not included in the pycaret installation. Please run: `pip install cuml` to install.
2024-03-05 09:40:23,219:WARNING:
'cuml' is a soft dependency and not included in the pycaret installation. Please run: `pip install cuml` to install.
2024-03-05 09:40:23,219:WARNING:
'cuml' is a soft dependency and not included in the pycaret installation. Please run: `pip install cuml` to install.
2024-03-05 09:40:41,146:INFO:PyCaret ClassificationExperiment
2024-03-05 09:40:41,146:INFO:Logging name: clf-default-name
2024-03-05 09:40:41,146:INFO:ML Usecase: MLUsecase.CLASSIFICATION
2024-03-05 09:40:41,146:INFO:version 3.3.0
2024-03-05 09:40:41,146:INFO:Initializing setup()
2024-03-05 09:40:41,146:INFO:self.USI: 7bcc
2024-03-05 09:40:41,146:INFO:self._variable_keys: {'exp_id', 'seed', 'X_train', 'fold_groups_param', 'exp_name_log', 'html_param', 'fold_shuffle_param', 'y_train', '_available_plots', 'pipeline', 'gpu_param', 'target_param', 'is_multiclass', 'USI', 'data', 'fold_generator', 'idx', 'y', 'fix_imbalance', '_ml_usecase', 'n_jobs_param', 'X_test', 'logging_param', 'y_test', 'log_plots_param', 'X', 'memory', 'gpu_n_jobs_param'}
2024-03-05 09:40:41,146:INFO:Checking environment
2024-03-05 09:40:41,146:INFO:python_version: 3.9.18
2024-03-05 09:40:41,146:INFO:python_build: ('main', 'Dec 23 2023 16:29:04')
2024-03-05 09:40:41,146:INFO:machine: AMD64
2024-03-05 09:40:41,146:INFO:platform: Windows-10-10.0.22621-SP0
2024-03-05 09:40:41,158:INFO:Memory: svmem(total=16890646528, available=6438498304, percent=61.9, used=10452148224, free=6438498304)
2024-03-05 09:40:41,158:INFO:Physical Core: 4
2024-03-05 09:40:41,158:INFO:Logical Core: 8
2024-03-05 09:40:41,158:INFO:Checking libraries
2024-03-05 09:40:41,159:INFO:System:
2024-03-05 09:40:41,159:INFO:    python: 3.9.18 | packaged by conda-forge | (main, Dec 23 2023, 16:29:04) [MSC v.1929 64 bit (AMD64)]
2024-03-05 09:40:41,159:INFO:executable: c:\Users\Administrator\anaconda3\envs\EXAM_ML\python.exe
2024-03-05 09:40:41,159:INFO:   machine: Windows-10-10.0.22621-SP0
2024-03-05 09:40:41,159:INFO:PyCaret required dependencies:
2024-03-05 09:40:41,791:INFO:                 pip: 24.0
2024-03-05 09:40:41,791:INFO:          setuptools: 69.1.1
2024-03-05 09:40:41,791:INFO:             pycaret: 3.3.0
2024-03-05 09:40:41,791:INFO:             IPython: 8.12.0
2024-03-05 09:40:41,791:INFO:          ipywidgets: 8.1.2
2024-03-05 09:40:41,791:INFO:                tqdm: 4.66.2
2024-03-05 09:40:41,791:INFO:               numpy: 1.25.2
2024-03-05 09:40:41,791:INFO:              pandas: 1.5.3
2024-03-05 09:40:41,791:INFO:              jinja2: 3.1.3
2024-03-05 09:40:41,791:INFO:               scipy: 1.11.4
2024-03-05 09:40:41,791:INFO:              joblib: 1.3.2
2024-03-05 09:40:41,791:INFO:             sklearn: 1.4.1.post1
2024-03-05 09:40:41,791:INFO:                pyod: 1.1.3
2024-03-05 09:40:41,791:INFO:            imblearn: 0.12.0
2024-03-05 09:40:41,791:INFO:   category_encoders: 2.6.3
2024-03-05 09:40:41,791:INFO:            lightgbm: 4.3.0
2024-03-05 09:40:41,791:INFO:               numba: 0.58.1
2024-03-05 09:40:41,791:INFO:            requests: 2.31.0
2024-03-05 09:40:41,791:INFO:          matplotlib: 3.7.5
2024-03-05 09:40:41,791:INFO:          scikitplot: 0.3.7
2024-03-05 09:40:41,791:INFO:         yellowbrick: 1.5
2024-03-05 09:40:41,791:INFO:              plotly: 5.19.0
2024-03-05 09:40:41,791:INFO:    plotly-resampler: Not installed
2024-03-05 09:40:41,791:INFO:             kaleido: 0.2.1
2024-03-05 09:40:41,791:INFO:           schemdraw: 0.15
2024-03-05 09:40:41,791:INFO:         statsmodels: 0.14.1
2024-03-05 09:40:41,791:INFO:              sktime: 0.27.0
2024-03-05 09:40:41,791:INFO:               tbats: 1.1.3
2024-03-05 09:40:41,791:INFO:            pmdarima: 2.0.4
2024-03-05 09:40:41,791:INFO:              psutil: 5.9.8
2024-03-05 09:40:41,791:INFO:          markupsafe: 2.1.5
2024-03-05 09:40:41,791:INFO:             pickle5: Not installed
2024-03-05 09:40:41,791:INFO:         cloudpickle: 3.0.0
2024-03-05 09:40:41,791:INFO:         deprecation: 2.1.0
2024-03-05 09:40:41,791:INFO:              xxhash: 3.4.1
2024-03-05 09:40:41,791:INFO:           wurlitzer: Not installed
2024-03-05 09:40:41,791:INFO:PyCaret optional dependencies:
2024-03-05 09:40:44,143:INFO:                shap: 0.44.1
2024-03-05 09:40:44,143:INFO:           interpret: 0.5.1
2024-03-05 09:40:44,143:INFO:                umap: 0.5.5
2024-03-05 09:40:44,143:INFO:     ydata_profiling: 4.6.5
2024-03-05 09:40:44,143:INFO:  explainerdashboard: 0.4.5
2024-03-05 09:40:44,143:INFO:             autoviz: Not installed
2024-03-05 09:40:44,143:INFO:           fairlearn: 0.7.0
2024-03-05 09:40:44,143:INFO:          deepchecks: Not installed
2024-03-05 09:40:44,143:INFO:             xgboost: 2.0.3
2024-03-05 09:40:44,143:INFO:            catboost: 1.2.3
2024-03-05 09:40:44,143:INFO:              kmodes: 0.12.2
2024-03-05 09:40:44,143:INFO:             mlxtend: 0.23.1
2024-03-05 09:40:44,143:INFO:       statsforecast: 1.5.0
2024-03-05 09:40:44,143:INFO:        tune_sklearn: 0.5.0
2024-03-05 09:40:44,143:INFO:                 ray: 2.9.3
2024-03-05 09:40:44,143:INFO:            hyperopt: 0.2.7
2024-03-05 09:40:44,143:INFO:              optuna: 3.5.0
2024-03-05 09:40:44,143:INFO:               skopt: 0.9.0
2024-03-05 09:40:44,143:INFO:              mlflow: 2.10.2
2024-03-05 09:40:44,143:INFO:              gradio: 4.19.2
2024-03-05 09:40:44,143:INFO:             fastapi: 0.110.0
2024-03-05 09:40:44,143:INFO:             uvicorn: 0.27.1
2024-03-05 09:40:44,143:INFO:              m2cgen: 0.10.0
2024-03-05 09:40:44,143:INFO:           evidently: 0.4.16
2024-03-05 09:40:44,143:INFO:               fugue: 0.8.6
2024-03-05 09:40:44,143:INFO:           streamlit: Not installed
2024-03-05 09:40:44,143:INFO:             prophet: Not installed
2024-03-05 09:40:44,143:INFO:None
2024-03-05 09:40:44,143:INFO:Set up data.
2024-03-05 09:40:44,744:INFO:Set up folding strategy.
2024-03-05 09:40:44,744:INFO:Set up train/test split.
2024-03-05 09:40:45,225:INFO:Set up index.
2024-03-05 09:40:45,241:INFO:Assigning column types.
2024-03-05 09:40:45,596:INFO:Engine successfully changes for model 'lr' to 'sklearn'.
2024-03-05 09:40:45,627:INFO:Engine for model 'knn' has not been set explicitly, hence returning None.
2024-03-05 09:40:45,627:INFO:Engine for model 'rbfsvm' has not been set explicitly, hence returning None.
2024-03-05 09:40:45,658:INFO:Soft dependency imported: xgboost: 2.0.3
2024-03-05 09:40:45,658:INFO:Soft dependency imported: catboost: 1.2.3
2024-03-05 09:40:45,808:INFO:Engine for model 'knn' has not been set explicitly, hence returning None.
2024-03-05 09:40:45,808:INFO:Engine for model 'rbfsvm' has not been set explicitly, hence returning None.
2024-03-05 09:40:45,826:INFO:Soft dependency imported: xgboost: 2.0.3
2024-03-05 09:40:45,826:INFO:Soft dependency imported: catboost: 1.2.3
2024-03-05 09:40:45,826:INFO:Engine successfully changes for model 'knn' to 'sklearn'.
2024-03-05 09:40:45,858:INFO:Engine for model 'rbfsvm' has not been set explicitly, hence returning None.
2024-03-05 09:40:45,885:INFO:Soft dependency imported: xgboost: 2.0.3
2024-03-05 09:40:45,885:INFO:Soft dependency imported: catboost: 1.2.3
2024-03-05 09:40:45,911:INFO:Engine for model 'rbfsvm' has not been set explicitly, hence returning None.
2024-03-05 09:40:45,927:INFO:Soft dependency imported: xgboost: 2.0.3
2024-03-05 09:40:45,942:INFO:Soft dependency imported: catboost: 1.2.3
2024-03-05 09:40:45,942:INFO:Engine successfully changes for model 'rbfsvm' to 'sklearn'.
2024-03-05 09:40:45,989:INFO:Soft dependency imported: xgboost: 2.0.3
2024-03-05 09:40:45,989:INFO:Soft dependency imported: catboost: 1.2.3
2024-03-05 09:40:46,044:INFO:Soft dependency imported: xgboost: 2.0.3
2024-03-05 09:40:46,044:INFO:Soft dependency imported: catboost: 1.2.3
2024-03-05 09:40:46,044:INFO:Preparing preprocessing pipeline...
2024-03-05 09:40:46,091:INFO:Set up simple imputation.
2024-03-05 09:40:47,289:INFO:Finished creating preprocessing pipeline.
2024-03-05 09:40:47,289:INFO:Pipeline: Pipeline(memory=FastMemory(location=C:\Users\ADMINI~1\AppData\Local\Temp\joblib),
         steps=[('numerical_imputer',
                 TransformerWrapper(exclude=None,
                                    include=['feature_1', 'feature_2',
                                             'feature_3', 'feature_4',
                                             'feature_5', 'feature_6',
                                             'feature_7', 'feature_8',
                                             'feature_9', 'feature_10',
                                             'feature_11', 'feature_12',
                                             'feature_13', 'feature_14',
                                             'feature_15', 'feature_16',
                                             '...
                                    transformer=SimpleImputer(add_indicator=False,
                                                              copy=True,
                                                              fill_value=None,
                                                              keep_empty_features=False,
                                                              missing_values=nan,
                                                              strategy='mean'))),
                ('categorical_imputer',
                 TransformerWrapper(exclude=None, include=[],
                                    transformer=SimpleImputer(add_indicator=False,
                                                              copy=True,
                                                              fill_value=None,
                                                              keep_empty_features=False,
                                                              missing_values=nan,
                                                              strategy='most_frequent')))],
         verbose=False)
2024-03-05 09:40:47,289:INFO:Creating final display dataframe.
2024-03-05 09:40:49,776:INFO:Setup _display_container:                     Description             Value
0                    Session id               123
1                        Target            target
2                   Target type            Binary
3           Original data shape      (70000, 785)
4        Transformed data shape      (70000, 785)
5   Transformed train set shape      (49000, 785)
6    Transformed test set shape      (21000, 785)
7              Numeric features               784
8                    Preprocess              True
9               Imputation type            simple
10           Numeric imputation              mean
11       Categorical imputation              mode
12               Fold Generator   StratifiedKFold
13                  Fold Number                10
14                     CPU Jobs                -1
15                      Use GPU             False
16               Log Experiment             False
17              Experiment Name  clf-default-name
18                          USI              7bcc
2024-03-05 09:40:49,845:INFO:Soft dependency imported: xgboost: 2.0.3
2024-03-05 09:40:49,845:INFO:Soft dependency imported: catboost: 1.2.3
2024-03-05 09:40:49,912:INFO:Soft dependency imported: xgboost: 2.0.3
2024-03-05 09:40:49,912:INFO:Soft dependency imported: catboost: 1.2.3
2024-03-05 09:40:49,912:INFO:setup() successfully completed in 8.78s...............
2024-03-05 09:41:15,662:INFO:Initializing compare_models()
2024-03-05 09:41:15,662:INFO:compare_models(self=<pycaret.classification.oop.ClassificationExperiment object at 0x000002A69D95DC10>, include=None, fold=None, round=4, cross_validation=True, sort=Accuracy, n_select=5, budget_time=None, turbo=True, errors=ignore, fit_kwargs=None, groups=None, experiment_custom_tags=None, probability_threshold=None, verbose=True, parallel=None, caller_params={'self': <pycaret.classification.oop.ClassificationExperiment object at 0x000002A69D95DC10>, 'include': None, 'exclude': None, 'fold': None, 'round': 4, 'cross_validation': True, 'sort': 'Accuracy', 'n_select': 5, 'budget_time': None, 'turbo': True, 'errors': 'ignore', 'fit_kwargs': None, 'groups': None, 'experiment_custom_tags': None, 'probability_threshold': None, 'engine': None, 'verbose': True, 'parallel': None, '__class__': <class 'pycaret.classification.oop.ClassificationExperiment'>}, exclude=None)
2024-03-05 09:41:15,663:INFO:Checking exceptions
2024-03-05 09:41:15,862:INFO:Preparing display monitor
2024-03-05 09:41:15,895:INFO:Initializing Logistic Regression
2024-03-05 09:41:15,895:INFO:Total runtime is 0.0 minutes
2024-03-05 09:41:15,899:INFO:SubProcess create_model() called ==================================
2024-03-05 09:41:15,899:INFO:Initializing create_model()
2024-03-05 09:41:15,899:INFO:create_model(self=<pycaret.classification.oop.ClassificationExperiment object at 0x000002A69D95DC10>, estimator=lr, fold=StratifiedKFold(n_splits=10, random_state=None, shuffle=False), round=4, cross_validation=True, predict=True, fit_kwargs={}, groups=None, refit=False, probability_threshold=None, experiment_custom_tags=None, verbose=False, system=False, add_to_model_list=True, metrics=None, display=<pycaret.internal.display.display.CommonDisplay object at 0x000002A69D95DE50>, model_only=True, return_train_score=False, error_score=0.0, kwargs={})
2024-03-05 09:41:15,899:INFO:Checking exceptions
2024-03-05 09:41:15,899:INFO:Importing libraries
2024-03-05 09:41:15,899:INFO:Copying training dataset
2024-03-05 09:41:16,266:INFO:Defining folds
2024-03-05 09:41:16,266:INFO:Declaring metric variables
2024-03-05 09:41:16,266:INFO:Importing untrained model
2024-03-05 09:41:16,266:INFO:Logistic Regression Imported successfully
2024-03-05 09:41:16,278:INFO:Starting cross validation
2024-03-05 09:41:16,278:INFO:Cross validating with StratifiedKFold(n_splits=10, random_state=None, shuffle=False), n_jobs=-1
2024-03-05 09:42:08,563:INFO:PyCaret ClassificationExperiment
2024-03-05 09:42:08,563:INFO:Logging name: clf-default-name
2024-03-05 09:42:08,563:INFO:ML Usecase: MLUsecase.CLASSIFICATION
2024-03-05 09:42:08,563:INFO:version 3.3.0
2024-03-05 09:42:08,563:INFO:Initializing setup()
2024-03-05 09:42:08,563:INFO:self.USI: 0d70
2024-03-05 09:42:08,563:INFO:self._variable_keys: {'exp_id', 'seed', 'X_train', 'fold_groups_param', 'exp_name_log', 'html_param', 'fold_shuffle_param', 'y_train', '_available_plots', 'pipeline', 'gpu_param', 'target_param', 'is_multiclass', 'USI', 'data', 'fold_generator', 'idx', 'y', 'fix_imbalance', '_ml_usecase', 'n_jobs_param', 'X_test', 'logging_param', 'y_test', 'log_plots_param', 'X', 'memory', 'gpu_n_jobs_param'}
2024-03-05 09:42:08,564:INFO:Checking environment
2024-03-05 09:42:08,564:INFO:python_version: 3.9.18
2024-03-05 09:42:08,564:INFO:python_build: ('main', 'Dec 23 2023 16:29:04')
2024-03-05 09:42:08,564:INFO:machine: AMD64
2024-03-05 09:42:08,564:INFO:platform: Windows-10-10.0.22621-SP0
2024-03-05 09:42:08,566:INFO:Memory: svmem(total=16890646528, available=7606509568, percent=55.0, used=9284136960, free=7606509568)
2024-03-05 09:42:08,566:INFO:Physical Core: 4
2024-03-05 09:42:08,566:INFO:Logical Core: 8
2024-03-05 09:42:08,566:INFO:Checking libraries
2024-03-05 09:42:08,567:INFO:System:
2024-03-05 09:42:08,567:INFO:    python: 3.9.18 | packaged by conda-forge | (main, Dec 23 2023, 16:29:04) [MSC v.1929 64 bit (AMD64)]
2024-03-05 09:42:08,567:INFO:executable: c:\Users\Administrator\anaconda3\envs\EXAM_ML\python.exe
2024-03-05 09:42:08,567:INFO:   machine: Windows-10-10.0.22621-SP0
2024-03-05 09:42:08,567:INFO:PyCaret required dependencies:
2024-03-05 09:42:08,567:INFO:                 pip: 24.0
2024-03-05 09:42:08,567:INFO:          setuptools: 69.1.1
2024-03-05 09:42:08,567:INFO:             pycaret: 3.3.0
2024-03-05 09:42:08,567:INFO:             IPython: 8.12.0
2024-03-05 09:42:08,567:INFO:          ipywidgets: 8.1.2
2024-03-05 09:42:08,567:INFO:                tqdm: 4.66.2
2024-03-05 09:42:08,567:INFO:               numpy: 1.25.2
2024-03-05 09:42:08,567:INFO:              pandas: 1.5.3
2024-03-05 09:42:08,567:INFO:              jinja2: 3.1.3
2024-03-05 09:42:08,567:INFO:               scipy: 1.11.4
2024-03-05 09:42:08,567:INFO:              joblib: 1.3.2
2024-03-05 09:42:08,567:INFO:             sklearn: 1.4.1.post1
2024-03-05 09:42:08,567:INFO:                pyod: 1.1.3
2024-03-05 09:42:08,568:INFO:            imblearn: 0.12.0
2024-03-05 09:42:08,568:INFO:   category_encoders: 2.6.3
2024-03-05 09:42:08,568:INFO:            lightgbm: 4.3.0
2024-03-05 09:42:08,568:INFO:               numba: 0.58.1
2024-03-05 09:42:08,568:INFO:            requests: 2.31.0
2024-03-05 09:42:08,568:INFO:          matplotlib: 3.7.5
2024-03-05 09:42:08,568:INFO:          scikitplot: 0.3.7
2024-03-05 09:42:08,568:INFO:         yellowbrick: 1.5
2024-03-05 09:42:08,568:INFO:              plotly: 5.19.0
2024-03-05 09:42:08,568:INFO:    plotly-resampler: Not installed
2024-03-05 09:42:08,568:INFO:             kaleido: 0.2.1
2024-03-05 09:42:08,568:INFO:           schemdraw: 0.15
2024-03-05 09:42:08,568:INFO:         statsmodels: 0.14.1
2024-03-05 09:42:08,568:INFO:              sktime: 0.27.0
2024-03-05 09:42:08,568:INFO:               tbats: 1.1.3
2024-03-05 09:42:08,568:INFO:            pmdarima: 2.0.4
2024-03-05 09:42:08,568:INFO:              psutil: 5.9.8
2024-03-05 09:42:08,568:INFO:          markupsafe: 2.1.5
2024-03-05 09:42:08,568:INFO:             pickle5: Not installed
2024-03-05 09:42:08,568:INFO:         cloudpickle: 3.0.0
2024-03-05 09:42:08,568:INFO:         deprecation: 2.1.0
2024-03-05 09:42:08,568:INFO:              xxhash: 3.4.1
2024-03-05 09:42:08,569:INFO:           wurlitzer: Not installed
2024-03-05 09:42:08,569:INFO:PyCaret optional dependencies:
2024-03-05 09:42:08,569:INFO:                shap: 0.44.1
2024-03-05 09:42:08,569:INFO:           interpret: 0.5.1
2024-03-05 09:42:08,569:INFO:                umap: 0.5.5
2024-03-05 09:42:08,569:INFO:     ydata_profiling: 4.6.5
2024-03-05 09:42:08,569:INFO:  explainerdashboard: 0.4.5
2024-03-05 09:42:08,569:INFO:             autoviz: Not installed
2024-03-05 09:42:08,569:INFO:           fairlearn: 0.7.0
2024-03-05 09:42:08,569:INFO:          deepchecks: Not installed
2024-03-05 09:42:08,569:INFO:             xgboost: 2.0.3
2024-03-05 09:42:08,569:INFO:            catboost: 1.2.3
2024-03-05 09:42:08,569:INFO:              kmodes: 0.12.2
2024-03-05 09:42:08,569:INFO:             mlxtend: 0.23.1
2024-03-05 09:42:08,569:INFO:       statsforecast: 1.5.0
2024-03-05 09:42:08,569:INFO:        tune_sklearn: 0.5.0
2024-03-05 09:42:08,569:INFO:                 ray: 2.9.3
2024-03-05 09:42:08,569:INFO:            hyperopt: 0.2.7
2024-03-05 09:42:08,569:INFO:              optuna: 3.5.0
2024-03-05 09:42:08,569:INFO:               skopt: 0.9.0
2024-03-05 09:42:08,570:INFO:              mlflow: 2.10.2
2024-03-05 09:42:08,570:INFO:              gradio: 4.19.2
2024-03-05 09:42:08,570:INFO:             fastapi: 0.110.0
2024-03-05 09:42:08,570:INFO:             uvicorn: 0.27.1
2024-03-05 09:42:08,570:INFO:              m2cgen: 0.10.0
2024-03-05 09:42:08,570:INFO:           evidently: 0.4.16
2024-03-05 09:42:08,570:INFO:               fugue: 0.8.6
2024-03-05 09:42:08,570:INFO:           streamlit: Not installed
2024-03-05 09:42:08,570:INFO:             prophet: Not installed
2024-03-05 09:42:08,570:INFO:None
2024-03-05 09:42:08,570:INFO:Set up data.
2024-03-05 09:42:09,144:INFO:Set up folding strategy.
2024-03-05 09:42:21,765:INFO:PyCaret ClassificationExperiment
2024-03-05 09:42:21,765:INFO:Logging name: clf-default-name
2024-03-05 09:42:21,765:INFO:ML Usecase: MLUsecase.CLASSIFICATION
2024-03-05 09:42:21,765:INFO:version 3.3.0
2024-03-05 09:42:21,765:INFO:Initializing setup()
2024-03-05 09:42:21,765:INFO:self.USI: ddd3
2024-03-05 09:42:21,765:INFO:self._variable_keys: {'exp_id', 'seed', 'X_train', 'fold_groups_param', 'exp_name_log', 'html_param', 'fold_shuffle_param', 'y_train', '_available_plots', 'pipeline', 'gpu_param', 'target_param', 'is_multiclass', 'USI', 'data', 'fold_generator', 'idx', 'y', 'fix_imbalance', '_ml_usecase', 'n_jobs_param', 'X_test', 'logging_param', 'y_test', 'log_plots_param', 'X', 'memory', 'gpu_n_jobs_param'}
2024-03-05 09:42:21,765:INFO:Checking environment
2024-03-05 09:42:21,766:INFO:python_version: 3.9.18
2024-03-05 09:42:21,766:INFO:python_build: ('main', 'Dec 23 2023 16:29:04')
2024-03-05 09:42:21,766:INFO:machine: AMD64
2024-03-05 09:42:21,766:INFO:platform: Windows-10-10.0.22621-SP0
2024-03-05 09:42:21,768:INFO:Memory: svmem(total=16890646528, available=7411417088, percent=56.1, used=9479229440, free=7411417088)
2024-03-05 09:42:21,768:INFO:Physical Core: 4
2024-03-05 09:42:21,768:INFO:Logical Core: 8
2024-03-05 09:42:21,768:INFO:Checking libraries
2024-03-05 09:42:21,769:INFO:System:
2024-03-05 09:42:21,769:INFO:    python: 3.9.18 | packaged by conda-forge | (main, Dec 23 2023, 16:29:04) [MSC v.1929 64 bit (AMD64)]
2024-03-05 09:42:21,769:INFO:executable: c:\Users\Administrator\anaconda3\envs\EXAM_ML\python.exe
2024-03-05 09:42:21,769:INFO:   machine: Windows-10-10.0.22621-SP0
2024-03-05 09:42:21,769:INFO:PyCaret required dependencies:
2024-03-05 09:42:21,769:INFO:                 pip: 24.0
2024-03-05 09:42:21,769:INFO:          setuptools: 69.1.1
2024-03-05 09:42:21,769:INFO:             pycaret: 3.3.0
2024-03-05 09:42:21,769:INFO:             IPython: 8.12.0
2024-03-05 09:42:21,769:INFO:          ipywidgets: 8.1.2
2024-03-05 09:42:21,769:INFO:                tqdm: 4.66.2
2024-03-05 09:42:21,769:INFO:               numpy: 1.25.2
2024-03-05 09:42:21,769:INFO:              pandas: 1.5.3
2024-03-05 09:42:21,769:INFO:              jinja2: 3.1.3
2024-03-05 09:42:21,769:INFO:               scipy: 1.11.4
2024-03-05 09:42:21,769:INFO:              joblib: 1.3.2
2024-03-05 09:42:21,769:INFO:             sklearn: 1.4.1.post1
2024-03-05 09:42:21,769:INFO:                pyod: 1.1.3
2024-03-05 09:42:21,769:INFO:            imblearn: 0.12.0
2024-03-05 09:42:21,770:INFO:   category_encoders: 2.6.3
2024-03-05 09:42:21,770:INFO:            lightgbm: 4.3.0
2024-03-05 09:42:21,770:INFO:               numba: 0.58.1
2024-03-05 09:42:21,770:INFO:            requests: 2.31.0
2024-03-05 09:42:21,770:INFO:          matplotlib: 3.7.5
2024-03-05 09:42:21,770:INFO:          scikitplot: 0.3.7
2024-03-05 09:42:21,770:INFO:         yellowbrick: 1.5
2024-03-05 09:42:21,770:INFO:              plotly: 5.19.0
2024-03-05 09:42:21,770:INFO:    plotly-resampler: Not installed
2024-03-05 09:42:21,770:INFO:             kaleido: 0.2.1
2024-03-05 09:42:21,770:INFO:           schemdraw: 0.15
2024-03-05 09:42:21,770:INFO:         statsmodels: 0.14.1
2024-03-05 09:42:21,770:INFO:              sktime: 0.27.0
2024-03-05 09:42:21,770:INFO:               tbats: 1.1.3
2024-03-05 09:42:21,770:INFO:            pmdarima: 2.0.4
2024-03-05 09:42:21,770:INFO:              psutil: 5.9.8
2024-03-05 09:42:21,770:INFO:          markupsafe: 2.1.5
2024-03-05 09:42:21,770:INFO:             pickle5: Not installed
2024-03-05 09:42:21,770:INFO:         cloudpickle: 3.0.0
2024-03-05 09:42:21,770:INFO:         deprecation: 2.1.0
2024-03-05 09:42:21,770:INFO:              xxhash: 3.4.1
2024-03-05 09:42:21,770:INFO:           wurlitzer: Not installed
2024-03-05 09:42:21,770:INFO:PyCaret optional dependencies:
2024-03-05 09:42:21,771:INFO:                shap: 0.44.1
2024-03-05 09:42:21,771:INFO:           interpret: 0.5.1
2024-03-05 09:42:21,771:INFO:                umap: 0.5.5
2024-03-05 09:42:21,771:INFO:     ydata_profiling: 4.6.5
2024-03-05 09:42:21,771:INFO:  explainerdashboard: 0.4.5
2024-03-05 09:42:21,771:INFO:             autoviz: Not installed
2024-03-05 09:42:21,771:INFO:           fairlearn: 0.7.0
2024-03-05 09:42:21,771:INFO:          deepchecks: Not installed
2024-03-05 09:42:21,771:INFO:             xgboost: 2.0.3
2024-03-05 09:42:21,771:INFO:            catboost: 1.2.3
2024-03-05 09:42:21,771:INFO:              kmodes: 0.12.2
2024-03-05 09:42:21,771:INFO:             mlxtend: 0.23.1
2024-03-05 09:42:21,771:INFO:       statsforecast: 1.5.0
2024-03-05 09:42:21,771:INFO:        tune_sklearn: 0.5.0
2024-03-05 09:42:21,771:INFO:                 ray: 2.9.3
2024-03-05 09:42:21,771:INFO:            hyperopt: 0.2.7
2024-03-05 09:42:21,771:INFO:              optuna: 3.5.0
2024-03-05 09:42:21,771:INFO:               skopt: 0.9.0
2024-03-05 09:42:21,771:INFO:              mlflow: 2.10.2
2024-03-05 09:42:21,771:INFO:              gradio: 4.19.2
2024-03-05 09:42:21,771:INFO:             fastapi: 0.110.0
2024-03-05 09:42:21,771:INFO:             uvicorn: 0.27.1
2024-03-05 09:42:21,771:INFO:              m2cgen: 0.10.0
2024-03-05 09:42:21,771:INFO:           evidently: 0.4.16
2024-03-05 09:42:21,771:INFO:               fugue: 0.8.6
2024-03-05 09:42:21,771:INFO:           streamlit: Not installed
2024-03-05 09:42:21,771:INFO:             prophet: Not installed
2024-03-05 09:42:21,771:INFO:None
2024-03-05 09:42:21,771:INFO:Set up data.
2024-03-05 09:42:22,316:INFO:Set up folding strategy.
2024-03-05 09:42:22,316:INFO:Set up train/test split.
2024-03-05 09:42:22,744:INFO:Set up index.
2024-03-05 09:42:22,761:INFO:Assigning column types.
2024-03-05 09:42:23,145:INFO:Engine successfully changes for model 'lr' to 'sklearn'.
2024-03-05 09:42:23,179:INFO:Engine for model 'knn' has not been set explicitly, hence returning None.
2024-03-05 09:42:23,179:INFO:Engine for model 'rbfsvm' has not been set explicitly, hence returning None.
2024-03-05 09:42:23,196:INFO:Soft dependency imported: xgboost: 2.0.3
2024-03-05 09:42:23,196:INFO:Soft dependency imported: catboost: 1.2.3
2024-03-05 09:42:23,227:INFO:Engine for model 'knn' has not been set explicitly, hence returning None.
2024-03-05 09:42:23,227:INFO:Engine for model 'rbfsvm' has not been set explicitly, hence returning None.
2024-03-05 09:42:23,261:INFO:Soft dependency imported: xgboost: 2.0.3
2024-03-05 09:42:23,261:INFO:Soft dependency imported: catboost: 1.2.3
2024-03-05 09:42:23,261:INFO:Engine successfully changes for model 'knn' to 'sklearn'.
2024-03-05 09:42:23,294:INFO:Engine for model 'rbfsvm' has not been set explicitly, hence returning None.
2024-03-05 09:42:23,311:INFO:Soft dependency imported: xgboost: 2.0.3
2024-03-05 09:42:23,311:INFO:Soft dependency imported: catboost: 1.2.3
2024-03-05 09:42:23,348:INFO:Engine for model 'rbfsvm' has not been set explicitly, hence returning None.
2024-03-05 09:42:23,377:INFO:Soft dependency imported: xgboost: 2.0.3
2024-03-05 09:42:23,377:INFO:Soft dependency imported: catboost: 1.2.3
2024-03-05 09:42:23,377:INFO:Engine successfully changes for model 'rbfsvm' to 'sklearn'.
2024-03-05 09:42:23,428:INFO:Soft dependency imported: xgboost: 2.0.3
2024-03-05 09:42:23,428:INFO:Soft dependency imported: catboost: 1.2.3
2024-03-05 09:42:23,478:INFO:Soft dependency imported: xgboost: 2.0.3
2024-03-05 09:42:23,494:INFO:Soft dependency imported: catboost: 1.2.3
2024-03-05 09:42:23,494:INFO:Preparing preprocessing pipeline...
2024-03-05 09:42:23,540:INFO:Set up simple imputation.
2024-03-05 09:42:24,277:INFO:Finished creating preprocessing pipeline.
2024-03-05 09:42:24,277:INFO:Pipeline: Pipeline(memory=FastMemory(location=C:\Users\ADMINI~1\AppData\Local\Temp\joblib),
         steps=[('numerical_imputer',
                 TransformerWrapper(exclude=None,
                                    include=['feature_1', 'feature_2',
                                             'feature_3', 'feature_4',
                                             'feature_5', 'feature_6',
                                             'feature_7', 'feature_8',
                                             'feature_9', 'feature_10',
                                             'feature_11', 'feature_12',
                                             'feature_13', 'feature_14',
                                             'feature_15', 'feature_16',
                                             '...
                                    transformer=SimpleImputer(add_indicator=False,
                                                              copy=True,
                                                              fill_value=None,
                                                              keep_empty_features=False,
                                                              missing_values=nan,
                                                              strategy='mean'))),
                ('categorical_imputer',
                 TransformerWrapper(exclude=None, include=[],
                                    transformer=SimpleImputer(add_indicator=False,
                                                              copy=True,
                                                              fill_value=None,
                                                              keep_empty_features=False,
                                                              missing_values=nan,
                                                              strategy='most_frequent')))],
         verbose=False)
2024-03-05 09:42:24,277:INFO:Creating final display dataframe.
2024-03-05 09:42:26,314:INFO:Setup _display_container:                     Description             Value
0                    Session id               123
1                        Target            target
2                   Target type            Binary
3           Original data shape      (70000, 785)
4        Transformed data shape      (70000, 785)
5   Transformed train set shape      (49000, 785)
6    Transformed test set shape      (21000, 785)
7              Numeric features               784
8                    Preprocess              True
9               Imputation type            simple
10           Numeric imputation              mean
11       Categorical imputation              mode
12               Fold Generator   StratifiedKFold
13                  Fold Number                10
14                     CPU Jobs                -1
15                      Use GPU             False
16               Log Experiment             False
17              Experiment Name  clf-default-name
18                          USI              ddd3
2024-03-05 09:42:26,391:INFO:Soft dependency imported: xgboost: 2.0.3
2024-03-05 09:42:26,393:INFO:Soft dependency imported: catboost: 1.2.3
2024-03-05 09:42:26,462:INFO:Soft dependency imported: xgboost: 2.0.3
2024-03-05 09:42:26,462:INFO:Soft dependency imported: catboost: 1.2.3
2024-03-05 09:42:26,462:INFO:setup() successfully completed in 4.71s...............
2024-03-05 09:42:29,282:INFO:Initializing compare_models()
2024-03-05 09:42:29,282:INFO:compare_models(self=<pycaret.classification.oop.ClassificationExperiment object at 0x000002A6A2CB1F70>, include=None, fold=None, round=4, cross_validation=True, sort=Accuracy, n_select=5, budget_time=None, turbo=True, errors=ignore, fit_kwargs=None, groups=None, experiment_custom_tags=None, probability_threshold=None, verbose=True, parallel=None, caller_params={'self': <pycaret.classification.oop.ClassificationExperiment object at 0x000002A6A2CB1F70>, 'include': None, 'exclude': None, 'fold': None, 'round': 4, 'cross_validation': True, 'sort': 'Accuracy', 'n_select': 5, 'budget_time': None, 'turbo': True, 'errors': 'ignore', 'fit_kwargs': None, 'groups': None, 'experiment_custom_tags': None, 'probability_threshold': None, 'engine': None, 'verbose': True, 'parallel': None, '__class__': <class 'pycaret.classification.oop.ClassificationExperiment'>}, exclude=None)
2024-03-05 09:42:29,282:INFO:Checking exceptions
2024-03-05 09:42:29,512:INFO:Preparing display monitor
2024-03-05 09:42:29,532:INFO:Initializing Logistic Regression
2024-03-05 09:42:29,532:INFO:Total runtime is 0.0 minutes
2024-03-05 09:42:29,532:INFO:SubProcess create_model() called ==================================
2024-03-05 09:42:29,532:INFO:Initializing create_model()
2024-03-05 09:42:29,532:INFO:create_model(self=<pycaret.classification.oop.ClassificationExperiment object at 0x000002A6A2CB1F70>, estimator=lr, fold=StratifiedKFold(n_splits=10, random_state=None, shuffle=False), round=4, cross_validation=True, predict=True, fit_kwargs={}, groups=None, refit=False, probability_threshold=None, experiment_custom_tags=None, verbose=False, system=False, add_to_model_list=True, metrics=None, display=<pycaret.internal.display.display.CommonDisplay object at 0x000002A6A02414C0>, model_only=True, return_train_score=False, error_score=0.0, kwargs={})
2024-03-05 09:42:29,532:INFO:Checking exceptions
2024-03-05 09:42:29,532:INFO:Importing libraries
2024-03-05 09:42:29,532:INFO:Copying training dataset
2024-03-05 09:42:29,846:INFO:Defining folds
2024-03-05 09:42:29,846:INFO:Declaring metric variables
2024-03-05 09:42:29,863:INFO:Importing untrained model
2024-03-05 09:42:29,863:INFO:Logistic Regression Imported successfully
2024-03-05 09:42:29,863:INFO:Starting cross validation
2024-03-05 09:42:29,863:INFO:Cross validating with StratifiedKFold(n_splits=10, random_state=None, shuffle=False), n_jobs=-1
2024-03-05 10:14:18,234:INFO:PyCaret ClassificationExperiment
2024-03-05 10:14:18,234:INFO:Logging name: clf-default-name
2024-03-05 10:14:18,234:INFO:ML Usecase: MLUsecase.CLASSIFICATION
2024-03-05 10:14:18,234:INFO:version 3.3.0
2024-03-05 10:14:18,234:INFO:Initializing setup()
2024-03-05 10:14:18,234:INFO:self.USI: 3ff7
2024-03-05 10:14:18,234:INFO:self._variable_keys: {'exp_id', 'seed', 'X_train', 'fold_groups_param', 'exp_name_log', 'html_param', 'fold_shuffle_param', 'y_train', '_available_plots', 'pipeline', 'gpu_param', 'target_param', 'is_multiclass', 'USI', 'data', 'fold_generator', 'idx', 'y', 'fix_imbalance', '_ml_usecase', 'n_jobs_param', 'X_test', 'logging_param', 'y_test', 'log_plots_param', 'X', 'memory', 'gpu_n_jobs_param'}
2024-03-05 10:14:18,234:INFO:Checking environment
2024-03-05 10:14:18,234:INFO:python_version: 3.9.18
2024-03-05 10:14:18,234:INFO:python_build: ('main', 'Dec 23 2023 16:29:04')
2024-03-05 10:14:18,234:INFO:machine: AMD64
2024-03-05 10:14:18,234:INFO:platform: Windows-10-10.0.22621-SP0
2024-03-05 10:14:18,234:INFO:Memory: svmem(total=16890646528, available=5184753664, percent=69.3, used=11705892864, free=5184753664)
2024-03-05 10:14:18,234:INFO:Physical Core: 4
2024-03-05 10:14:18,234:INFO:Logical Core: 8
2024-03-05 10:14:18,234:INFO:Checking libraries
2024-03-05 10:14:18,234:INFO:System:
2024-03-05 10:14:18,234:INFO:    python: 3.9.18 | packaged by conda-forge | (main, Dec 23 2023, 16:29:04) [MSC v.1929 64 bit (AMD64)]
2024-03-05 10:14:18,249:INFO:executable: c:\Users\Administrator\anaconda3\envs\EXAM_ML\python.exe
2024-03-05 10:14:18,249:INFO:   machine: Windows-10-10.0.22621-SP0
2024-03-05 10:14:18,249:INFO:PyCaret required dependencies:
2024-03-05 10:14:18,249:INFO:                 pip: 24.0
2024-03-05 10:14:18,249:INFO:          setuptools: 69.1.1
2024-03-05 10:14:18,249:INFO:             pycaret: 3.3.0
2024-03-05 10:14:18,249:INFO:             IPython: 8.12.0
2024-03-05 10:14:18,249:INFO:          ipywidgets: 8.1.2
2024-03-05 10:14:18,249:INFO:                tqdm: 4.66.2
2024-03-05 10:14:18,249:INFO:               numpy: 1.25.2
2024-03-05 10:14:18,249:INFO:              pandas: 1.5.3
2024-03-05 10:14:18,249:INFO:              jinja2: 3.1.3
2024-03-05 10:14:18,249:INFO:               scipy: 1.11.4
2024-03-05 10:14:18,249:INFO:              joblib: 1.3.2
2024-03-05 10:14:18,249:INFO:             sklearn: 1.4.1.post1
2024-03-05 10:14:18,249:INFO:                pyod: 1.1.3
2024-03-05 10:14:18,249:INFO:            imblearn: 0.12.0
2024-03-05 10:14:18,249:INFO:   category_encoders: 2.6.3
2024-03-05 10:14:18,249:INFO:            lightgbm: 4.3.0
2024-03-05 10:14:18,249:INFO:               numba: 0.58.1
2024-03-05 10:14:18,249:INFO:            requests: 2.31.0
2024-03-05 10:14:18,249:INFO:          matplotlib: 3.7.5
2024-03-05 10:14:18,249:INFO:          scikitplot: 0.3.7
2024-03-05 10:14:18,249:INFO:         yellowbrick: 1.5
2024-03-05 10:14:18,249:INFO:              plotly: 5.19.0
2024-03-05 10:14:18,249:INFO:    plotly-resampler: Not installed
2024-03-05 10:14:18,250:INFO:             kaleido: 0.2.1
2024-03-05 10:14:18,250:INFO:           schemdraw: 0.15
2024-03-05 10:14:18,250:INFO:         statsmodels: 0.14.1
2024-03-05 10:14:18,250:INFO:              sktime: 0.27.0
2024-03-05 10:14:18,250:INFO:               tbats: 1.1.3
2024-03-05 10:14:18,250:INFO:            pmdarima: 2.0.4
2024-03-05 10:14:18,250:INFO:              psutil: 5.9.8
2024-03-05 10:14:18,250:INFO:          markupsafe: 2.1.5
2024-03-05 10:14:18,250:INFO:             pickle5: Not installed
2024-03-05 10:14:18,250:INFO:         cloudpickle: 3.0.0
2024-03-05 10:14:18,250:INFO:         deprecation: 2.1.0
2024-03-05 10:14:18,250:INFO:              xxhash: 3.4.1
2024-03-05 10:14:18,250:INFO:           wurlitzer: Not installed
2024-03-05 10:14:18,250:INFO:PyCaret optional dependencies:
2024-03-05 10:14:18,250:INFO:                shap: 0.44.1
2024-03-05 10:14:18,250:INFO:           interpret: 0.5.1
2024-03-05 10:14:18,250:INFO:                umap: 0.5.5
2024-03-05 10:14:18,250:INFO:     ydata_profiling: 4.6.5
2024-03-05 10:14:18,250:INFO:  explainerdashboard: 0.4.5
2024-03-05 10:14:18,250:INFO:             autoviz: Not installed
2024-03-05 10:14:18,250:INFO:           fairlearn: 0.7.0
2024-03-05 10:14:18,250:INFO:          deepchecks: Not installed
2024-03-05 10:14:18,250:INFO:             xgboost: 2.0.3
2024-03-05 10:14:18,250:INFO:            catboost: 1.2.3
2024-03-05 10:14:18,250:INFO:              kmodes: 0.12.2
2024-03-05 10:14:18,250:INFO:             mlxtend: 0.23.1
2024-03-05 10:14:18,250:INFO:       statsforecast: 1.5.0
2024-03-05 10:14:18,250:INFO:        tune_sklearn: 0.5.0
2024-03-05 10:14:18,250:INFO:                 ray: 2.9.3
2024-03-05 10:14:18,250:INFO:            hyperopt: 0.2.7
2024-03-05 10:14:18,250:INFO:              optuna: 3.5.0
2024-03-05 10:14:18,250:INFO:               skopt: 0.9.0
2024-03-05 10:14:18,250:INFO:              mlflow: 2.10.2
2024-03-05 10:14:18,250:INFO:              gradio: 4.19.2
2024-03-05 10:14:18,250:INFO:             fastapi: 0.110.0
2024-03-05 10:14:18,250:INFO:             uvicorn: 0.27.1
2024-03-05 10:14:18,250:INFO:              m2cgen: 0.10.0
2024-03-05 10:14:18,250:INFO:           evidently: 0.4.16
2024-03-05 10:14:18,250:INFO:               fugue: 0.8.6
2024-03-05 10:14:18,250:INFO:           streamlit: Not installed
2024-03-05 10:14:18,251:INFO:             prophet: Not installed
2024-03-05 10:14:18,251:INFO:None
2024-03-05 10:14:18,251:INFO:Set up data.
2024-03-05 10:14:18,833:INFO:Set up folding strategy.
2024-03-05 10:14:18,833:INFO:Set up train/test split.
2024-03-05 10:14:19,267:INFO:Set up index.
2024-03-05 10:14:19,283:INFO:Assigning column types.
2024-03-05 10:14:19,651:INFO:Engine successfully changes for model 'lr' to 'sklearn'.
2024-03-05 10:14:19,687:INFO:Engine for model 'knn' has not been set explicitly, hence returning None.
2024-03-05 10:14:19,687:INFO:Engine for model 'rbfsvm' has not been set explicitly, hence returning None.
2024-03-05 10:14:19,709:INFO:Soft dependency imported: xgboost: 2.0.3
2024-03-05 10:14:19,711:INFO:Soft dependency imported: catboost: 1.2.3
2024-03-05 10:14:19,747:INFO:Engine for model 'knn' has not been set explicitly, hence returning None.
2024-03-05 10:14:19,748:INFO:Engine for model 'rbfsvm' has not been set explicitly, hence returning None.
2024-03-05 10:14:19,769:INFO:Soft dependency imported: xgboost: 2.0.3
2024-03-05 10:14:19,771:INFO:Soft dependency imported: catboost: 1.2.3
2024-03-05 10:14:19,772:INFO:Engine successfully changes for model 'knn' to 'sklearn'.
2024-03-05 10:14:19,807:INFO:Engine for model 'rbfsvm' has not been set explicitly, hence returning None.
2024-03-05 10:14:19,828:INFO:Soft dependency imported: xgboost: 2.0.3
2024-03-05 10:14:19,831:INFO:Soft dependency imported: catboost: 1.2.3
2024-03-05 10:14:19,867:INFO:Engine for model 'rbfsvm' has not been set explicitly, hence returning None.
2024-03-05 10:14:19,883:INFO:Soft dependency imported: xgboost: 2.0.3
2024-03-05 10:14:19,883:INFO:Soft dependency imported: catboost: 1.2.3
2024-03-05 10:14:19,898:INFO:Engine successfully changes for model 'rbfsvm' to 'sklearn'.
2024-03-05 10:14:19,950:INFO:Soft dependency imported: xgboost: 2.0.3
2024-03-05 10:14:19,950:INFO:Soft dependency imported: catboost: 1.2.3
2024-03-05 10:14:20,002:INFO:Soft dependency imported: xgboost: 2.0.3
2024-03-05 10:14:20,002:INFO:Soft dependency imported: catboost: 1.2.3
2024-03-05 10:14:20,018:INFO:Preparing preprocessing pipeline...
2024-03-05 10:14:20,052:INFO:Set up simple imputation.
2024-03-05 10:14:20,808:INFO:Finished creating preprocessing pipeline.
2024-03-05 10:14:20,814:INFO:Pipeline: Pipeline(memory=FastMemory(location=C:\Users\ADMINI~1\AppData\Local\Temp\joblib),
         steps=[('numerical_imputer',
                 TransformerWrapper(exclude=None,
                                    include=['feature_1', 'feature_2',
                                             'feature_3', 'feature_4',
                                             'feature_5', 'feature_6',
                                             'feature_7', 'feature_8',
                                             'feature_9', 'feature_10',
                                             'feature_11', 'feature_12',
                                             'feature_13', 'feature_14',
                                             'feature_15', 'feature_16',
                                             '...
                                    transformer=SimpleImputer(add_indicator=False,
                                                              copy=True,
                                                              fill_value=None,
                                                              keep_empty_features=False,
                                                              missing_values=nan,
                                                              strategy='mean'))),
                ('categorical_imputer',
                 TransformerWrapper(exclude=None, include=[],
                                    transformer=SimpleImputer(add_indicator=False,
                                                              copy=True,
                                                              fill_value=None,
                                                              keep_empty_features=False,
                                                              missing_values=nan,
                                                              strategy='most_frequent')))],
         verbose=False)
2024-03-05 10:14:20,814:INFO:Creating final display dataframe.
2024-03-05 10:14:22,855:INFO:Setup _display_container:                     Description             Value
0                    Session id               123
1                        Target            target
2                   Target type            Binary
3           Original data shape      (70000, 785)
4        Transformed data shape      (70000, 785)
5   Transformed train set shape      (49000, 785)
6    Transformed test set shape      (21000, 785)
7              Numeric features               784
8                    Preprocess              True
9               Imputation type            simple
10           Numeric imputation              mean
11       Categorical imputation              mode
12               Fold Generator   StratifiedKFold
13                  Fold Number                10
14                     CPU Jobs                -1
15                      Use GPU             False
16               Log Experiment             False
17              Experiment Name  clf-default-name
18                          USI              3ff7
2024-03-05 10:14:22,953:INFO:Soft dependency imported: xgboost: 2.0.3
2024-03-05 10:14:22,957:INFO:Soft dependency imported: catboost: 1.2.3
2024-03-05 10:14:23,023:INFO:Soft dependency imported: xgboost: 2.0.3
2024-03-05 10:14:23,025:INFO:Soft dependency imported: catboost: 1.2.3
2024-03-05 10:14:23,026:INFO:setup() successfully completed in 4.79s...............
2024-03-05 10:14:26,223:INFO:Initializing compare_models()
2024-03-05 10:14:26,223:INFO:compare_models(self=<pycaret.classification.oop.ClassificationExperiment object at 0x000002A6A14EEF40>, include=None, fold=None, round=4, cross_validation=True, sort=Accuracy, n_select=5, budget_time=None, turbo=True, errors=ignore, fit_kwargs=None, groups=None, experiment_custom_tags=None, probability_threshold=None, verbose=True, parallel=None, caller_params={'self': <pycaret.classification.oop.ClassificationExperiment object at 0x000002A6A14EEF40>, 'include': None, 'exclude': None, 'fold': None, 'round': 4, 'cross_validation': True, 'sort': 'Accuracy', 'n_select': 5, 'budget_time': None, 'turbo': True, 'errors': 'ignore', 'fit_kwargs': None, 'groups': None, 'experiment_custom_tags': None, 'probability_threshold': None, 'engine': None, 'verbose': True, 'parallel': None, '__class__': <class 'pycaret.classification.oop.ClassificationExperiment'>}, exclude=None)
2024-03-05 10:14:26,224:INFO:Checking exceptions
2024-03-05 10:14:26,443:INFO:Preparing display monitor
2024-03-05 10:14:26,462:INFO:Initializing Logistic Regression
2024-03-05 10:14:26,464:INFO:Total runtime is 2.6396910349527995e-05 minutes
2024-03-05 10:14:26,464:INFO:SubProcess create_model() called ==================================
2024-03-05 10:14:26,464:INFO:Initializing create_model()
2024-03-05 10:14:26,464:INFO:create_model(self=<pycaret.classification.oop.ClassificationExperiment object at 0x000002A6A14EEF40>, estimator=lr, fold=StratifiedKFold(n_splits=10, random_state=None, shuffle=False), round=4, cross_validation=True, predict=True, fit_kwargs={}, groups=None, refit=False, probability_threshold=None, experiment_custom_tags=None, verbose=False, system=False, add_to_model_list=True, metrics=None, display=<pycaret.internal.display.display.CommonDisplay object at 0x000002A6A15490A0>, model_only=True, return_train_score=False, error_score=0.0, kwargs={})
2024-03-05 10:14:26,464:INFO:Checking exceptions
2024-03-05 10:14:26,464:INFO:Importing libraries
2024-03-05 10:14:26,464:INFO:Copying training dataset
2024-03-05 10:14:26,843:INFO:Defining folds
2024-03-05 10:14:26,844:INFO:Declaring metric variables
2024-03-05 10:14:26,847:INFO:Importing untrained model
2024-03-05 10:14:26,850:INFO:Logistic Regression Imported successfully
2024-03-05 10:14:26,855:INFO:Starting cross validation
2024-03-05 10:14:26,857:INFO:Cross validating with StratifiedKFold(n_splits=10, random_state=None, shuffle=False), n_jobs=-1
2024-03-05 10:23:03,905:WARNING:
'cuml' is a soft dependency and not included in the pycaret installation. Please run: `pip install cuml` to install.
2024-03-05 10:23:03,905:WARNING:
'cuml' is a soft dependency and not included in the pycaret installation. Please run: `pip install cuml` to install.
2024-03-05 10:23:03,905:WARNING:
'cuml' is a soft dependency and not included in the pycaret installation. Please run: `pip install cuml` to install.
2024-03-05 10:23:03,905:WARNING:
'cuml' is a soft dependency and not included in the pycaret installation. Please run: `pip install cuml` to install.
2024-03-05 10:23:05,033:INFO:PyCaret ClassificationExperiment
2024-03-05 10:23:05,033:INFO:Logging name: clf-default-name
2024-03-05 10:23:05,033:INFO:ML Usecase: MLUsecase.CLASSIFICATION
2024-03-05 10:23:05,033:INFO:version 3.3.0
2024-03-05 10:23:05,033:INFO:Initializing setup()
2024-03-05 10:23:05,033:INFO:self.USI: 91bc
2024-03-05 10:23:05,033:INFO:self._variable_keys: {'gpu_param', 'is_multiclass', 'memory', 'fix_imbalance', '_ml_usecase', 'log_plots_param', 'data', 'fold_groups_param', 'logging_param', 'target_param', 'y_test', 'X_train', 'X', 'exp_name_log', 'n_jobs_param', 'seed', 'USI', 'gpu_n_jobs_param', 'X_test', 'pipeline', 'idx', '_available_plots', 'fold_shuffle_param', 'fold_generator', 'y_train', 'html_param', 'y', 'exp_id'}
2024-03-05 10:23:05,033:INFO:Checking environment
2024-03-05 10:23:05,033:INFO:python_version: 3.9.18
2024-03-05 10:23:05,033:INFO:python_build: ('main', 'Dec 23 2023 16:29:04')
2024-03-05 10:23:05,033:INFO:machine: AMD64
2024-03-05 10:23:05,033:INFO:platform: Windows-10-10.0.22621-SP0
2024-03-05 10:23:05,049:INFO:Memory: svmem(total=16890646528, available=9458536448, percent=44.0, used=7432110080, free=9458536448)
2024-03-05 10:23:05,049:INFO:Physical Core: 4
2024-03-05 10:23:05,049:INFO:Logical Core: 8
2024-03-05 10:23:05,049:INFO:Checking libraries
2024-03-05 10:23:05,049:INFO:System:
2024-03-05 10:23:05,049:INFO:    python: 3.9.18 | packaged by conda-forge | (main, Dec 23 2023, 16:29:04) [MSC v.1929 64 bit (AMD64)]
2024-03-05 10:23:05,049:INFO:executable: c:\Users\Administrator\anaconda3\envs\EXAM_ML\python.exe
2024-03-05 10:23:05,049:INFO:   machine: Windows-10-10.0.22621-SP0
2024-03-05 10:23:05,049:INFO:PyCaret required dependencies:
2024-03-05 10:23:05,583:INFO:                 pip: 24.0
2024-03-05 10:23:05,583:INFO:          setuptools: 69.1.1
2024-03-05 10:23:05,583:INFO:             pycaret: 3.3.0
2024-03-05 10:23:05,583:INFO:             IPython: 8.12.0
2024-03-05 10:23:05,583:INFO:          ipywidgets: 8.1.2
2024-03-05 10:23:05,583:INFO:                tqdm: 4.66.2
2024-03-05 10:23:05,583:INFO:               numpy: 1.25.2
2024-03-05 10:23:05,583:INFO:              pandas: 1.5.3
2024-03-05 10:23:05,583:INFO:              jinja2: 3.1.3
2024-03-05 10:23:05,583:INFO:               scipy: 1.11.4
2024-03-05 10:23:05,583:INFO:              joblib: 1.3.2
2024-03-05 10:23:05,583:INFO:             sklearn: 1.4.1.post1
2024-03-05 10:23:05,583:INFO:                pyod: 1.1.3
2024-03-05 10:23:05,583:INFO:            imblearn: 0.12.0
2024-03-05 10:23:05,583:INFO:   category_encoders: 2.6.3
2024-03-05 10:23:05,583:INFO:            lightgbm: 4.3.0
2024-03-05 10:23:05,583:INFO:               numba: 0.58.1
2024-03-05 10:23:05,583:INFO:            requests: 2.31.0
2024-03-05 10:23:05,583:INFO:          matplotlib: 3.7.5
2024-03-05 10:23:05,583:INFO:          scikitplot: 0.3.7
2024-03-05 10:23:05,583:INFO:         yellowbrick: 1.5
2024-03-05 10:23:05,583:INFO:              plotly: 5.19.0
2024-03-05 10:23:05,583:INFO:    plotly-resampler: Not installed
2024-03-05 10:23:05,583:INFO:             kaleido: 0.2.1
2024-03-05 10:23:05,583:INFO:           schemdraw: 0.15
2024-03-05 10:23:05,583:INFO:         statsmodels: 0.14.1
2024-03-05 10:23:05,583:INFO:              sktime: 0.27.0
2024-03-05 10:23:05,583:INFO:               tbats: 1.1.3
2024-03-05 10:23:05,583:INFO:            pmdarima: 2.0.4
2024-03-05 10:23:05,583:INFO:              psutil: 5.9.8
2024-03-05 10:23:05,583:INFO:          markupsafe: 2.1.5
2024-03-05 10:23:05,583:INFO:             pickle5: Not installed
2024-03-05 10:23:05,583:INFO:         cloudpickle: 3.0.0
2024-03-05 10:23:05,583:INFO:         deprecation: 2.1.0
2024-03-05 10:23:05,583:INFO:              xxhash: 3.4.1
2024-03-05 10:23:05,583:INFO:           wurlitzer: Not installed
2024-03-05 10:23:05,583:INFO:PyCaret optional dependencies:
2024-03-05 10:23:08,142:INFO:                shap: 0.44.1
2024-03-05 10:23:08,142:INFO:           interpret: 0.5.1
2024-03-05 10:23:08,142:INFO:                umap: 0.5.5
2024-03-05 10:23:08,142:INFO:     ydata_profiling: 4.6.5
2024-03-05 10:23:08,142:INFO:  explainerdashboard: 0.4.5
2024-03-05 10:23:08,142:INFO:             autoviz: Not installed
2024-03-05 10:23:08,142:INFO:           fairlearn: 0.7.0
2024-03-05 10:23:08,142:INFO:          deepchecks: Not installed
2024-03-05 10:23:08,142:INFO:             xgboost: 2.0.3
2024-03-05 10:23:08,142:INFO:            catboost: 1.2.3
2024-03-05 10:23:08,142:INFO:              kmodes: 0.12.2
2024-03-05 10:23:08,142:INFO:             mlxtend: 0.23.1
2024-03-05 10:23:08,142:INFO:       statsforecast: 1.5.0
2024-03-05 10:23:08,142:INFO:        tune_sklearn: 0.5.0
2024-03-05 10:23:08,142:INFO:                 ray: 2.9.3
2024-03-05 10:23:08,142:INFO:            hyperopt: 0.2.7
2024-03-05 10:23:08,142:INFO:              optuna: 3.5.0
2024-03-05 10:23:08,142:INFO:               skopt: 0.9.0
2024-03-05 10:23:08,142:INFO:              mlflow: 2.10.2
2024-03-05 10:23:08,142:INFO:              gradio: 4.19.2
2024-03-05 10:23:08,142:INFO:             fastapi: 0.110.0
2024-03-05 10:23:08,142:INFO:             uvicorn: 0.27.1
2024-03-05 10:23:08,142:INFO:              m2cgen: 0.10.0
2024-03-05 10:23:08,142:INFO:           evidently: 0.4.16
2024-03-05 10:23:08,142:INFO:               fugue: 0.8.6
2024-03-05 10:23:08,142:INFO:           streamlit: Not installed
2024-03-05 10:23:08,142:INFO:             prophet: Not installed
2024-03-05 10:23:08,142:INFO:None
2024-03-05 10:23:08,142:INFO:Set up data.
2024-03-05 10:23:08,838:INFO:Set up folding strategy.
2024-03-05 10:23:08,838:INFO:Set up train/test split.
2024-03-05 10:23:09,308:INFO:Set up index.
2024-03-05 10:23:09,339:INFO:Assigning column types.
2024-03-05 10:23:09,714:INFO:Engine successfully changes for model 'lr' to 'sklearn'.
2024-03-05 10:23:09,745:INFO:Engine for model 'knn' has not been set explicitly, hence returning None.
2024-03-05 10:23:09,761:INFO:Engine for model 'rbfsvm' has not been set explicitly, hence returning None.
2024-03-05 10:23:09,792:INFO:Soft dependency imported: xgboost: 2.0.3
2024-03-05 10:23:09,792:INFO:Soft dependency imported: catboost: 1.2.3
2024-03-05 10:23:09,917:INFO:Engine for model 'knn' has not been set explicitly, hence returning None.
2024-03-05 10:23:09,917:INFO:Engine for model 'rbfsvm' has not been set explicitly, hence returning None.
2024-03-05 10:23:09,934:INFO:Soft dependency imported: xgboost: 2.0.3
2024-03-05 10:23:09,949:INFO:Soft dependency imported: catboost: 1.2.3
2024-03-05 10:23:09,949:INFO:Engine successfully changes for model 'knn' to 'sklearn'.
2024-03-05 10:23:09,980:INFO:Engine for model 'rbfsvm' has not been set explicitly, hence returning None.
2024-03-05 10:23:10,011:INFO:Soft dependency imported: xgboost: 2.0.3
2024-03-05 10:23:10,011:INFO:Soft dependency imported: catboost: 1.2.3
2024-03-05 10:23:10,042:INFO:Engine for model 'rbfsvm' has not been set explicitly, hence returning None.
2024-03-05 10:23:10,074:INFO:Soft dependency imported: xgboost: 2.0.3
2024-03-05 10:23:10,074:INFO:Soft dependency imported: catboost: 1.2.3
2024-03-05 10:23:10,074:INFO:Engine successfully changes for model 'rbfsvm' to 'sklearn'.
2024-03-05 10:23:10,137:INFO:Soft dependency imported: xgboost: 2.0.3
2024-03-05 10:23:10,137:INFO:Soft dependency imported: catboost: 1.2.3
2024-03-05 10:23:10,215:INFO:Soft dependency imported: xgboost: 2.0.3
2024-03-05 10:23:10,215:INFO:Soft dependency imported: catboost: 1.2.3
2024-03-05 10:23:10,215:INFO:Preparing preprocessing pipeline...
2024-03-05 10:23:10,262:INFO:Set up simple imputation.
2024-03-05 10:23:11,021:INFO:Finished creating preprocessing pipeline.
2024-03-05 10:23:11,031:INFO:Pipeline: Pipeline(memory=FastMemory(location=C:\Users\ADMINI~1\AppData\Local\Temp\joblib),
         steps=[('numerical_imputer',
                 TransformerWrapper(exclude=None,
                                    include=['feature_1', 'feature_2',
                                             'feature_3', 'feature_4',
                                             'feature_5', 'feature_6',
                                             'feature_7', 'feature_8',
                                             'feature_9', 'feature_10',
                                             'feature_11', 'feature_12',
                                             'feature_13', 'feature_14',
                                             'feature_15', 'feature_16',
                                             '...
                                    transformer=SimpleImputer(add_indicator=False,
                                                              copy=True,
                                                              fill_value=None,
                                                              keep_empty_features=False,
                                                              missing_values=nan,
                                                              strategy='mean'))),
                ('categorical_imputer',
                 TransformerWrapper(exclude=None, include=[],
                                    transformer=SimpleImputer(add_indicator=False,
                                                              copy=True,
                                                              fill_value=None,
                                                              keep_empty_features=False,
                                                              missing_values=nan,
                                                              strategy='most_frequent')))],
         verbose=False)
2024-03-05 10:23:11,031:INFO:Creating final display dataframe.
2024-03-05 10:23:13,007:INFO:Setup _display_container:                     Description             Value
0                    Session id               123
1                        Target            target
2                   Target type            Binary
3           Original data shape      (70000, 785)
4        Transformed data shape      (70000, 785)
5   Transformed train set shape      (49000, 785)
6    Transformed test set shape      (21000, 785)
7              Numeric features               784
8                    Preprocess              True
9               Imputation type            simple
10           Numeric imputation              mean
11       Categorical imputation              mode
12               Fold Generator   StratifiedKFold
13                  Fold Number                10
14                     CPU Jobs                -1
15                      Use GPU             False
16               Log Experiment             False
17              Experiment Name  clf-default-name
18                          USI              91bc
2024-03-05 10:23:13,076:INFO:Soft dependency imported: xgboost: 2.0.3
2024-03-05 10:23:13,076:INFO:Soft dependency imported: catboost: 1.2.3
2024-03-05 10:23:13,155:INFO:Soft dependency imported: xgboost: 2.0.3
2024-03-05 10:23:13,155:INFO:Soft dependency imported: catboost: 1.2.3
2024-03-05 10:23:13,155:WARNING:c:\Users\Administrator\anaconda3\envs\EXAM_ML\lib\site-packages\pycaret\internal\metrics.py:51: FutureWarning: The `needs_threshold` and `needs_proba` parameter are deprecated in version 1.4 and will be removed in 1.6. You can either let `response_method` be `None` or set it to `predict` to preserve the same behaviour.
  warnings.warn(

2024-03-05 10:23:13,155:INFO:setup() successfully completed in 8.14s...............
